[debug] [2023-03-06T18:55:38.098Z] ----------------------------------------------------------------------
[debug] [2023-03-06T18:55:38.103Z] Command:       C:\Program Files\nodejs\node.exe C:\Users\annai\AppData\Roaming\npm\node_modules\firebase-tools\lib\bin\firebase.js init
[debug] [2023-03-06T18:55:38.105Z] CLI Version:   11.24.0
[debug] [2023-03-06T18:55:38.105Z] Platform:      win32
[debug] [2023-03-06T18:55:38.106Z] Node Version:  v18.13.0
[debug] [2023-03-06T18:55:38.108Z] Time:          Mon Mar 06 2023 19:55:38 GMT+0100 (czas środkowoeuropejski standardowy)
[debug] [2023-03-06T18:55:38.109Z] ----------------------------------------------------------------------
[debug] 
[debug] [2023-03-06T18:55:38.122Z] > command requires scopes: ["email","openid","https://www.googleapis.com/auth/cloudplatformprojects.readonly","https://www.googleapis.com/auth/firebase","https://www.googleapis.com/auth/cloud-platform"]
[debug] [2023-03-06T18:55:38.123Z] > authorizing via signed-in user (annaidzkowska_00@onet.pl)
[info] 
     ######## #### ########  ######## ########     ###     ######  ########
     ##        ##  ##     ## ##       ##     ##  ##   ##  ##       ##
     ######    ##  ########  ######   ########  #########  ######  ######
     ##        ##  ##    ##  ##       ##     ## ##     ##       ## ##
     ##       #### ##     ## ######## ########  ##     ##  ######  ########

You're about to initialize a Firebase project in this directory:

  C:\Users\annai\Desktop\MICHBUD gulp\strona

[info] 
=== Project Setup
[info] 
[info] First, let's associate this project directory with a Firebase project.
[info] You can create multiple project aliases by running firebase use --add, 
[info] but for now we'll just set up a default project.
[info] 
[debug] [2023-03-06T18:56:21.709Z] >>> [apiv2][query] GET https://firebase.googleapis.com/v1beta1/projects pageSize=100
[debug] [2023-03-06T18:56:22.710Z] <<< [apiv2][status] GET https://firebase.googleapis.com/v1beta1/projects 200
[debug] [2023-03-06T18:56:22.711Z] <<< [apiv2][body] GET https://firebase.googleapis.com/v1beta1/projects [omitted]
[info] i  Using project michbud-71898 (MICHBUD) 
[info] 
=== Hosting Setup
[info] 
[info] Your public directory is the folder (relative to your project directory) that
[info] will contain Hosting assets to be uploaded with firebase deploy. If you
[info] have a build process for your assets, use your build's output directory.
[info] 
